2018-11-20 11:33:20 INFO  UserDataClass:66 - Parsed commandline args
2018-12-13 16:16:47 INFO  PathwayAnalysis:57 - Starting Pathway Analysis
2018-12-13 16:21:30 INFO  PathwayAnalysis:57 - Starting Pathway Analysis
2018-12-18 10:48:40 INFO  ModularAnalysis:55 - 
Modular Analysis, using %d permutations ... 100
2018-12-18 10:48:40 ERROR ModularAnalysis:221 - 
2018-12-18 10:48:40 ERROR ModularAnalysis:221 - 
2018-12-18 10:48:40 ERROR ModularAnalysis:221 - 
2018-12-18 10:50:10 INFO  ModularAnalysis:55 - 
Modular Analysis, using %d permutations ... 100
2018-12-18 10:51:07 INFO  ModularAnalysis:55 - 
Modular Analysis, using %d permutations ... 100
2018-12-18 10:51:17 ERROR ModularAnalysis:221 - 
2018-12-18 10:51:18 ERROR ModularAnalysis:221 - 
2018-12-18 10:51:19 ERROR ModularAnalysis:221 - 
2018-12-18 10:51:19 ERROR ModularAnalysis:221 - 
2018-12-18 10:51:20 ERROR ModularAnalysis:221 - 
2018-12-18 10:51:21 ERROR ModularAnalysis:221 - 
2018-12-18 10:51:22 ERROR ModularAnalysis:221 - 
2018-12-18 10:51:22 ERROR ModularAnalysis:221 - 
2018-12-18 10:51:23 ERROR ModularAnalysis:221 - 
2018-12-18 10:51:24 ERROR ModularAnalysis:221 - 
2018-12-18 10:51:24 ERROR ModularAnalysis:221 - 
2018-12-18 10:51:25 ERROR ModularAnalysis:221 - 
2018-12-18 10:51:25 ERROR ModularAnalysis:221 - 
2018-12-18 10:51:26 ERROR ModularAnalysis:221 - 
2018-12-18 10:51:26 ERROR ModularAnalysis:221 - 
2018-12-18 10:51:27 ERROR ModularAnalysis:221 - 
2018-12-18 10:51:28 ERROR ModularAnalysis:221 - 
2018-12-18 10:51:28 ERROR ModularAnalysis:221 - 
2018-12-18 10:51:29 ERROR ModularAnalysis:221 - 
2018-12-18 10:51:30 ERROR ModularAnalysis:221 - 
2018-12-18 10:51:30 ERROR ModularAnalysis:221 - 
2018-12-18 10:51:31 ERROR ModularAnalysis:221 - 
2018-12-18 10:51:32 ERROR ModularAnalysis:221 - 
2018-12-18 10:51:33 ERROR ModularAnalysis:221 - 
2018-12-18 10:54:20 INFO  ModularAnalysis:55 - 
Modular Analysis, using %d permutations ... 100
2018-12-18 10:55:25 ERROR ModularAnalysis:221 - 
2018-12-18 10:56:10 ERROR ModularAnalysis:221 - 
2018-12-18 10:56:35 ERROR ModularAnalysis:221 - 
2018-12-18 10:58:23 INFO  ModularAnalysis:55 - 
Modular Analysis, using %d permutations ... 100
2018-12-18 11:02:32 INFO  ModularAnalysis:55 - 
Modular Analysis, using %d permutations ... 100
2018-12-18 11:02:50 ERROR ModularAnalysis:221 - Index: 0, Size: 0
2018-12-18 11:03:08 ERROR ModularAnalysis:221 - Index: 0, Size: 0
2018-12-18 11:03:27 ERROR ModularAnalysis:221 - Index: 0, Size: 0
2018-12-18 11:04:09 ERROR ModularAnalysis:221 - Index: 0, Size: 0
2018-12-18 11:04:34 ERROR ModularAnalysis:221 - Index: 0, Size: 0
2018-12-18 11:07:01 INFO  ModularAnalysis:55 - 
Modular Analysis, using %d permutations ... 100
2018-12-18 11:07:30 ERROR ModularAnalysis:221 - 
2018-12-18 11:08:09 ERROR ModularAnalysis:221 - 
2018-12-18 11:08:45 ERROR ModularAnalysis:221 - 
2018-12-18 11:09:07 INFO  ModularAnalysis:55 - 
Modular Analysis, using %d permutations ... 100
2018-12-18 11:10:15 INFO  ModularAnalysis:55 - 
Modular Analysis, using %d permutations ... 100
2018-12-18 11:13:56 INFO  ModularAnalysis:55 - 
Modular Analysis, using %d permutations ... 100
2018-12-18 11:13:56 ERROR ModularAnalysis:149 - 
2018-12-18 11:13:56 ERROR ModularAnalysis:149 - 
2018-12-18 11:15:20 INFO  ModularAnalysis:55 - 
Modular Analysis, using %d permutations ... 100
2018-12-18 11:15:34 ERROR ModularAnalysis:149 - 
2018-12-18 11:15:34 ERROR ModularAnalysis:149 - 
2018-12-18 11:15:34 ERROR ModularAnalysis:149 - 
2018-12-18 11:15:34 ERROR ModularAnalysis:149 - 
